1625658747227	geckodriver	INFO	Listening on 127.0.0.1:55583
1625658747232	mozrunner::runner	INFO	Running command: "/usr/bin/firefox" "--marionette" "-foreground" "-no-remote" "-profile" "/tmp/rust_mozprofileQqSLRx"
[GFX1-]: More than 1 GPU detected via PCI, cannot deduce vendor
[GFX1-]: PCI candidate 0x8086/0x5917
[GFX1-]: PCI candidate 0x1002/0x6665
1625658749168	Marionette	INFO	Marionette enabled
console.warn: SearchSettings: "get: No settings file exists, new profile?" (new NotFoundError("Could not open the file at /tmp/rust_mozprofileQqSLRx/search.json.mozlz4", (void 0)))
1625658752154	Marionette	INFO	Listening on port 36087
1625658752656	Marionette	WARN	TLS certificate errors will be ignored for this session
1625658764515	Marionette	INFO	Stopped listening on port 36087

###!!! [Parent][RunMessage] Error: Channel closing: too late to send/recv, messages will be lost

1625659000566	geckodriver	INFO	Listening on 127.0.0.1:50181
1625659000569	mozrunner::runner	INFO	Running command: "/usr/bin/firefox" "--marionette" "-foreground" "-no-remote" "-profile" "/tmp/rust_mozprofileI6LNgM"
[GFX1-]: More than 1 GPU detected via PCI, cannot deduce vendor
[GFX1-]: PCI candidate 0x8086/0x5917
[GFX1-]: PCI candidate 0x1002/0x6665
1625659002435	Marionette	INFO	Marionette enabled
console.warn: SearchSettings: "get: No settings file exists, new profile?" (new NotFoundError("Could not open the file at /tmp/rust_mozprofileI6LNgM/search.json.mozlz4", (void 0)))
1625659005758	Marionette	INFO	Listening on port 34493
1625659006097	Marionette	WARN	TLS certificate errors will be ignored for this session
console.log: WebExtensions: reset-default-search: starting.
console.log: WebExtensions: reset-default-search: No addons in our list are installed.
1625660192882	Marionette	INFO	Stopped listening on port 34493
1627217432143	geckodriver	INFO	Listening on 127.0.0.1:33761
1627217432146	mozrunner::runner	INFO	Running command: "/usr/bin/firefox" "--marionette" "-headless" "-foreground" "-no-remote" "-profile" "/tmp/rust_mozprofileN4ZGwc"
*** You are running in headless mode.
1627217442374	Marionette	INFO	Marionette enabled
[GFX1-]: RenderCompositorSWGL failed mapping default framebuffer, no dt
console.warn: SearchSettings: "get: No settings file exists, new profile?" (new NotFoundError("Could not open the file at /tmp/rust_mozprofileN4ZGwc/search.json.mozlz4", (void 0)))
1627217451874	Marionette	INFO	Listening on port 38043
1627217452427	Marionette	WARN	TLS certificate errors will be ignored for this session
console.error: Region.jsm: "Error fetching region" (new Error("TIMEOUT", "resource://gre/modules/Region.jsm", 772))
console.error: Region.jsm: "Failed to fetch region" (new Error("TIMEOUT", "resource://gre/modules/Region.jsm", 419))
1627217603824	geckodriver	INFO	Listening on 127.0.0.1:39753
1627217603827	mozrunner::runner	INFO	Running command: "/usr/bin/firefox" "--marionette" "-headless" "-foreground" "-no-remote" "-profile" "/tmp/rust_mozprofile75jJjW"
*** You are running in headless mode.
1627217605946	Marionette	INFO	Marionette enabled
[GFX1-]: RenderCompositorSWGL failed mapping default framebuffer, no dt
console.warn: SearchSettings: "get: No settings file exists, new profile?" (new NotFoundError("Could not open the file at /tmp/rust_mozprofile75jJjW/search.json.mozlz4", (void 0)))
1627217608989	Marionette	INFO	Listening on port 40461
1627217609102	Marionette	WARN	TLS certificate errors will be ignored for this session
console.error: services.settings: 
  main/doh-providers Signature failed  InvalidSignatureError: Invalid content signature (main/doh-providers)
console.error: services.settings: 
  main/doh-providers local data was corrupted
console.warn: services.settings: main/doh-providers Signature verified failed. Retry from scratch
console.error: services.settings: 
  main/doh-config Signature failed  InvalidSignatureError: Invalid content signature (main/doh-config)
console.error: services.settings: 
  main/doh-config local data was corrupted
console.warn: services.settings: main/doh-config Signature verified failed. Retry from scratch
console.log: WebExtensions: reset-default-search: starting.
console.log: WebExtensions: reset-default-search: No addons in our list are installed.
console.error: services.settings: 
  main/doh-providers Signature failed  InvalidSignatureError: Invalid content signature (main/doh-providers)
console.error: services.settings: 
  main/doh-providers local data was corrupted
console.warn: services.settings: main/doh-providers Signature verified failed. Retry from scratch
console.error: services.settings: 
  main/doh-config Signature failed  InvalidSignatureError: Invalid content signature (main/doh-config)
console.error: services.settings: 
  main/doh-config local data was corrupted
console.warn: services.settings: main/doh-config Signature verified failed. Retry from scratch
console.log: WebExtensions: reset-default-search: starting.
console.log: WebExtensions: reset-default-search: No addons in our list are installed.
